# JRE version: Java(TM) SE Runtime Environment (16.0.1+9) (build 16.0.1+9-24)
# Java VM: Java HotSpot(TM) 64-Bit Server VM (16.0.1+9-24, mixed mode, sharing, tiered, compressed oops, compressed class ptrs, g1 gc, windows-amd64)
GC Precious Log:
 CPUs: 16 total, 16 available
 Memory: 16314M
 Large Page Support: Disabled
 NUMA Support: Disabled
 Compressed Oops: Enabled (Zero based)
 Heap Region Size: 2M
 Heap Min Capacity: 8M
 Heap Initial Capacity: 256M
 Heap Max Capacity: 4080M
 Pre-touch: Disabled
 Parallel Workers: 13
 Concurrent Workers: 3
 Concurrent Refinement Workers: 13
 Periodic GC: Disabled
Heap:
 garbage-first heap   total 786432K, used 210665K [0x0000000701000000, 0x0000000800000000)
  region size 2048K, 13 young (26624K), 3 survivors (6144K)
 Metaspace       used 10416K, committed 10560K, reserved 1064960K
  class space    used 1291K, committed 1344K, reserved 1048576K
GC Heap History (10 events):
Event: 0.125 GC heap before
{Heap before GC invocations=0 (full 0):
 garbage-first heap   total 262144K, used 20480K [0x0000000701000000, 0x0000000800000000)
  region size 2048K, 11 young (22528K), 0 survivors (0K)
 Metaspace       used 575K, committed 768K, reserved 1056768K
  class space    used 40K, committed 128K, reserved 1048576K
}
Event: 0.135 GC heap after
{Heap after GC invocations=1 (full 0):
 garbage-first heap   total 262144K, used 20111K [0x0000000701000000, 0x0000000800000000)
  region size 2048K, 2 young (4096K), 2 survivors (4096K)
 Metaspace       used 575K, committed 768K, reserved 1056768K
  class space    used 40K, committed 128K, reserved 1048576K
}
Event: 0.146 GC heap before
{Heap before GC invocations=1 (full 0):
 garbage-first heap   total 262144K, used 34447K [0x0000000701000000, 0x0000000800000000)
  region size 2048K, 8 young (16384K), 2 survivors (4096K)
 Metaspace       used 575K, committed 768K, reserved 1056768K
  class space    used 40K, committed 128K, reserved 1048576K
}
Event: 0.155 GC heap after
{Heap after GC invocations=2 (full 0):
 garbage-first heap   total 262144K, used 34350K [0x0000000701000000, 0x0000000800000000)
  region size 2048K, 1 young (2048K), 1 survivors (2048K)
 Metaspace       used 575K, committed 768K, reserved 1056768K
  class space    used 40K, committed 128K, reserved 1048576K
}
Event: 0.176 GC heap before
{Heap before GC invocations=2 (full 0):
 garbage-first heap   total 262144K, used 63022K [0x0000000701000000, 0x0000000800000000)
  region size 2048K, 13 young (26624K), 1 survivors (2048K)
 Metaspace       used 575K, committed 768K, reserved 1056768K
  class space    used 40K, committed 128K, reserved 1048576K
}
Event: 0.191 GC heap after
{Heap after GC invocations=3 (full 0):
 garbage-first heap   total 262144K, used 63938K [0x0000000701000000, 0x0000000800000000)
  region size 2048K, 2 young (4096K), 2 survivors (4096K)
 Metaspace       used 575K, committed 768K, reserved 1056768K
  class space    used 40K, committed 128K, reserved 1048576K
}
Event: 0.216 GC heap before
{Heap before GC invocations=3 (full 0):
 garbage-first heap   total 262144K, used 96706K [0x0000000701000000, 0x0000000800000000)
  region size 2048K, 16 young (32768K), 2 survivors (4096K)
 Metaspace       used 575K, committed 768K, reserved 1056768K
  class space    used 40K, committed 128K, reserved 1048576K
}
Event: 0.232 GC heap after
{Heap after GC invocations=4 (full 0):
 garbage-first heap   total 262144K, used 98979K [0x0000000701000000, 0x0000000800000000)
  region size 2048K, 2 young (4096K), 2 survivors (4096K)
 Metaspace       used 575K, committed 768K, reserved 1056768K
  class space    used 40K, committed 128K, reserved 1048576K
}
Event: 0.336 GC heap before
{Heap before GC invocations=4 (full 0):
 garbage-first heap   total 262144K, used 141987K [0x0000000701000000, 0x0000000800000000)
  region size 2048K, 20 young (40960K), 2 survivors (4096K)
 Metaspace       used 2639K, committed 2816K, reserved 1056768K
  class space    used 232K, committed 320K, reserved 1048576K
}
Event: 0.355 GC heap after
{Heap after GC invocations=5 (full 0):
 garbage-first heap   total 786432K, used 143081K [0x0000000701000000, 0x0000000800000000)
  region size 2048K, 3 young (6144K), 3 survivors (6144K)
 Metaspace       used 2639K, committed 2816K, reserved 1056768K
  class space    used 232K, committed 320K, reserved 1048576K
}

